[2011-05-20 07:37:27,645][INFO ] Using BusyTimeout=50000 for White/Core
[2011-05-20 07:37:27,684][INFO ] Using WaitBasedOnHourGlass=true for White/Core
[2011-05-20 07:37:27,694][INFO ] Using WorkSessionLocation=. for White/Core
[2011-05-20 07:37:27,694][INFO ] Using UIAutomationZeroWindowBugTimeout=5000 for White/Core
[2011-05-20 07:37:27,694][INFO ] Using PopupTimeout=5000 for White/Core
[2011-05-20 07:37:27,694][INFO ] Using TooltipWaitTime=0 for White/Core
[2011-05-20 07:37:27,694][INFO ] Using SuggestionListTimeout=3000 for White/Core
[2011-05-20 07:37:27,694][INFO ] Using DefaultDateFormat=Day,Month,Year for White/Core
[2011-05-20 07:37:27,694][INFO ] Using DragStepCount=1 for White/Core
[2011-05-20 07:37:27,694][INFO ] Using InProc=False for White/Core
[2011-05-20 07:37:27,694][INFO ] Using ComboBoxItemsPopulatedWithoutDropDownOpen=True for White/Core
[2011-05-20 07:37:27,694][INFO ] Using RawElementBasedSearch=False for White/Core
[2011-05-20 07:37:27,695][INFO ] Using MaxElementSearchDepth=10 for White/Core
[2011-05-20 07:37:28,316][INFO ] Using TableVerticalScrollBar=Vertical Scroll Bar for White/UIItemId
[2011-05-20 07:37:28,316][INFO ] Using TableHorizontalScrollBar=Horizontal Scroll Bar for White/UIItemId
[2011-05-20 07:37:28,316][INFO ] Using TableColumn=Row  for White/UIItemId
[2011-05-20 07:37:28,316][INFO ] Using TableTopLeftHeaderCell=Top Left Header Cell for White/UIItemId
[2011-05-20 07:37:28,316][INFO ] Using TableCellNullValue=(null) for White/UIItemId
[2011-05-20 07:37:28,317][INFO ] Using TableHeader=Top Row for White/UIItemId
[2011-05-20 07:37:28,317][INFO ] Using HorizontalScrollBar=Horizontal ScrollBar for White/UIItemId
[2011-05-20 07:37:28,317][INFO ] Using VerticalScrollBar=Vertical ScrollBar for White/UIItemId
[2011-05-20 07:37:28,317][INFO ] Using TableCellPrefix= Row  for White/UIItemId
